{"contracts/Lottery.sol":{"l":{"63":3,"64":3,"65":3,"66":3,"67":3,"68":3,"69":3,"70":3,"76":4,"77":1,"79":3,"80":0,"82":3,"83":3,"99":2,"100":2,"101":2,"102":2,"103":2,"108":1,"109":1,"110":0,"116":1,"117":1,"124":1,"128":0,"129":0,"130":0,"131":0,"132":0,"133":0,"134":0,"136":0,"137":0,"139":0,"145":6,"149":1,"153":0,"157":1,"161":0,"165":0,"169":0,"173":0,"177":6},"path":"/home/gerard/practice/Solidity/hardhat-lottery-fcc/contracts/Lottery.sol","s":{"1":4,"2":3,"3":3,"4":3,"5":2,"6":2,"7":2,"8":2,"9":1,"10":1,"11":1,"12":1,"13":0,"14":0,"15":0,"16":0,"17":0,"18":6,"19":1,"20":0,"21":1,"22":0,"23":0,"24":0,"25":0,"26":6},"b":{"1":[1,3],"2":[0,3],"3":[0,1],"4":[0,0]},"f":{"1":3,"2":4,"3":2,"4":1,"5":0,"6":6,"7":1,"8":0,"9":1,"10":0,"11":0,"12":0,"13":0,"14":6},"fnMap":{"1":{"name":"constructor","line":62,"loc":{"start":{"line":55,"column":4},"end":{"line":71,"column":4}}},"2":{"name":"enterLottery","line":74,"loc":{"start":{"line":74,"column":4},"end":{"line":84,"column":4}}},"3":{"name":"checkUpkeep","line":96,"loc":{"start":{"line":96,"column":4},"end":{"line":104,"column":4}}},"4":{"name":"performUpkeep","line":106,"loc":{"start":{"line":106,"column":4},"end":{"line":125,"column":4}}},"5":{"name":"fulfillRandomWords","line":127,"loc":{"start":{"line":127,"column":4},"end":{"line":140,"column":4}}},"6":{"name":"getEntranceFee","line":144,"loc":{"start":{"line":144,"column":4},"end":{"line":146,"column":4}}},"7":{"name":"getPlayers","line":148,"loc":{"start":{"line":148,"column":4},"end":{"line":150,"column":4}}},"8":{"name":"getRecentWinner","line":152,"loc":{"start":{"line":152,"column":4},"end":{"line":154,"column":4}}},"9":{"name":"getLotteryState","line":156,"loc":{"start":{"line":156,"column":4},"end":{"line":158,"column":4}}},"10":{"name":"getNumWords","line":160,"loc":{"start":{"line":160,"column":4},"end":{"line":162,"column":4}}},"11":{"name":"getNumberofPlayers","line":164,"loc":{"start":{"line":164,"column":4},"end":{"line":166,"column":4}}},"12":{"name":"getLatestTimestamp","line":168,"loc":{"start":{"line":168,"column":4},"end":{"line":170,"column":4}}},"13":{"name":"getRequestConfirmations","line":172,"loc":{"start":{"line":172,"column":4},"end":{"line":174,"column":4}}},"14":{"name":"getInterval","line":176,"loc":{"start":{"line":176,"column":4},"end":{"line":178,"column":4}}}},"statementMap":{"1":{"start":{"line":76,"column":8},"end":{"line":76,"column":2594}},"2":{"start":{"line":79,"column":8},"end":{"line":79,"column":2696}},"3":{"start":{"line":82,"column":8},"end":{"line":82,"column":42}},"4":{"start":{"line":83,"column":8},"end":{"line":83,"column":37}},"5":{"start":{"line":99,"column":8},"end":{"line":99,"column":59}},"6":{"start":{"line":100,"column":8},"end":{"line":100,"column":77}},"7":{"start":{"line":101,"column":8},"end":{"line":101,"column":48}},"8":{"start":{"line":102,"column":8},"end":{"line":102,"column":51}},"9":{"start":{"line":108,"column":8},"end":{"line":108,"column":47}},"10":{"start":{"line":109,"column":8},"end":{"line":109,"column":3896}},"11":{"start":{"line":117,"column":8},"end":{"line":117,"column":4157}},"12":{"start":{"line":124,"column":8},"end":{"line":124,"column":46}},"13":{"start":{"line":128,"column":8},"end":{"line":128,"column":62}},"14":{"start":{"line":129,"column":8},"end":{"line":129,"column":62}},"15":{"start":{"line":134,"column":8},"end":{"line":134,"column":77}},"16":{"start":{"line":136,"column":8},"end":{"line":136,"column":4905}},"17":{"start":{"line":139,"column":8},"end":{"line":139,"column":41}},"18":{"start":{"line":145,"column":8},"end":{"line":145,"column":28}},"19":{"start":{"line":149,"column":8},"end":{"line":149,"column":31}},"20":{"start":{"line":153,"column":8},"end":{"line":153,"column":29}},"21":{"start":{"line":157,"column":8},"end":{"line":157,"column":29}},"22":{"start":{"line":161,"column":8},"end":{"line":161,"column":23}},"23":{"start":{"line":165,"column":8},"end":{"line":165,"column":31}},"24":{"start":{"line":169,"column":8},"end":{"line":169,"column":30}},"25":{"start":{"line":173,"column":8},"end":{"line":173,"column":36}},"26":{"start":{"line":177,"column":8},"end":{"line":177,"column":25}}},"branchMap":{"1":{"line":76,"type":"if","locations":[{"start":{"line":76,"column":8},"end":{"line":76,"column":8}},{"start":{"line":76,"column":8},"end":{"line":76,"column":8}}]},"2":{"line":79,"type":"if","locations":[{"start":{"line":79,"column":8},"end":{"line":79,"column":8}},{"start":{"line":79,"column":8},"end":{"line":79,"column":8}}]},"3":{"line":109,"type":"if","locations":[{"start":{"line":109,"column":8},"end":{"line":109,"column":8}},{"start":{"line":109,"column":8},"end":{"line":109,"column":8}}]},"4":{"line":136,"type":"if","locations":[{"start":{"line":136,"column":8},"end":{"line":136,"column":8}},{"start":{"line":136,"column":8},"end":{"line":136,"column":8}}]}}},"contracts/test/VRFCoordinatorV2Mock.sol":{"l":{},"path":"/home/gerard/practice/Solidity/hardhat-lottery-fcc/contracts/test/VRFCoordinatorV2Mock.sol","s":{},"b":{},"f":{},"fnMap":{},"statementMap":{},"branchMap":{}}}