TN:
SF:/home/gerard/practice/Solidity/hardhat-lottery-fcc/contracts/Lottery.sol
FN:62,constructor
FN:74,enterLottery
FN:96,checkUpkeep
FN:106,performUpkeep
FN:127,fulfillRandomWords
FN:144,getEntranceFee
FN:148,getPlayers
FN:152,getRecentWinner
FN:156,getLotteryState
FN:160,getNumWords
FN:164,getNumberofPlayers
FN:168,getLatestTimestamp
FN:172,getRequestConfirmations
FN:176,getInterval
FNF:14
FNH:8
FNDA:3,constructor
FNDA:4,enterLottery
FNDA:2,checkUpkeep
FNDA:1,performUpkeep
FNDA:0,fulfillRandomWords
FNDA:6,getEntranceFee
FNDA:1,getPlayers
FNDA:0,getRecentWinner
FNDA:1,getLotteryState
FNDA:0,getNumWords
FNDA:0,getNumberofPlayers
FNDA:0,getLatestTimestamp
FNDA:0,getRequestConfirmations
FNDA:6,getInterval
DA:63,3
DA:64,3
DA:65,3
DA:66,3
DA:67,3
DA:68,3
DA:69,3
DA:70,3
DA:76,4
DA:77,1
DA:79,3
DA:80,0
DA:82,3
DA:83,3
DA:99,2
DA:100,2
DA:101,2
DA:102,2
DA:103,2
DA:108,1
DA:109,1
DA:110,0
DA:116,1
DA:117,1
DA:124,1
DA:128,0
DA:129,0
DA:130,0
DA:131,0
DA:132,0
DA:133,0
DA:134,0
DA:136,0
DA:137,0
DA:139,0
DA:145,6
DA:149,1
DA:153,0
DA:157,1
DA:161,0
DA:165,0
DA:169,0
DA:173,0
DA:177,6
LF:44
LH:27
BRDA:76,1,0,1
BRDA:76,1,1,3
BRDA:79,2,0,0
BRDA:79,2,1,3
BRDA:109,3,0,0
BRDA:109,3,1,1
BRDA:136,4,0,0
BRDA:136,4,1,0
BRF:8
BRH:4
end_of_record
TN:
SF:/home/gerard/practice/Solidity/hardhat-lottery-fcc/contracts/test/VRFCoordinatorV2Mock.sol
FNF:0
FNH:0
LF:0
LH:0
BRF:0
BRH:0
end_of_record
